=== Gentle AI Config Backup ===
Fecha: 2026-07-13 09:00

[1/5] Copiando OpenCode config...
  ✅ opencode-config/
[2/5] Copiando agent skills...
  ✅ agents-skills/
[3/5] Copiando dotfiles...
  ✅ dotfiles/
[4/5] Copiando skill registry...
  ✅ atl/
[5/5] Respaldando Engram...
  ✅ engram/ (backup via sqlite3)
[6/6] Commiteando y pusheando...
  ℹ️  Sin cambios nuevos

=== Backup completado ===
=== Gentle AI Config Backup ===
Fecha: 2026-07-20 09:00

[1/5] Copiando OpenCode config...
  ✅ opencode-config/
[2/5] Copiando agent skills...
  ✅ agents-skills/
[3/5] Copiando dotfiles...
  ✅ dotfiles/
[4/5] Copiando skill registry...
  ✅ atl/
[5/5] Respaldando Engram...
  ✅ engram/ (backup via sqlite3)
[6/6] Commiteando y pusheando...
